1983
1919
1855
1791
1727
1663
1599
1535
1471
1407
1343
1279
1215
1151
1087
1023
959
895
831
767
703
639
575
511
447
383
319
255
191
127
1982
1918
1854
1790
1726
1662
1598
1534
1470
1406
1342
1278
1214
1150
1086
1022
958
894
830
766
702
638
574
510
446
382
318
254
190
126
1981
1917
1853
1789
1725
1661
1597
1533
1469
1405
1341
1277
1213
1149
1085
1021
957
893
829
765
701
637
573
509
445
381
317
253
189
125
1980
1916
1852
1788
1724
1660
1596
1532
1468
1404
1340
1276
1212
1148
1084
1020
956
892
828
764
700
636
572
508
444
380
316
252
188
124
1979
1915
1851
1787
1723
1659
1595
1531
1467
1403
1339
1275
1211
1147
1083
1019
955
891
827
763
699
635
571
507
443
379
315
251
187
123
1978
1914
1850
1786
1722
1658
1594
1530
1466
1402
1338
1274
1210
1146
1082
1018
954
890
826
762
698
634
570
506
442
378
314
250
186
122
1977
1913
1849
1785
1721
1657
1593
1529
1465
1401
1337
1273
1209
1145
1081
1017
953
889
825
761
697
633
569
505
441
377
313
249
185
121
1976
1912
1848
1784
1720
1656
1592
1528
1464
1400
1336
1272
1208
1144
1080
1016
952
888
824
760
696
632
568
504
440
376
312
248
184
120
1975
1911
1847
1783
1719
1655
1591
1527
1463
1399
1335
1271
1207
1143
1079
1015
951
887
823
759
695
631
567
503
439
375
311
247
183
119
1974
1910
1846
1782
1718
1654
1590
1526
1462
1398
1334
1270
1206
1142
1078
1014
950
886
822
758
694
630
566
502
438
374
310
246
182
118
1973
1909
1845
1781
1717
1653
1589
1525
1461
1397
1333
1269
1205
1141
1077
1013
949
885
821
757
693
629
565
501
437
373
309
245
181
117
1972
1908
1844
1780
1716
1652
1588
1524
1460
1396
1332
1268
1204
1140
1076
1012
948
884
820
756
692
628
564
500
436
372
308
244
180
116
1971
1907
1843
1779
1715
1651
1587
1523
1459
1395
1331
1267
1203
1139
1075
1011
947
883
819
755
691
627
563
499
435
371
307
243
179
115
1970
1906
1842
1778
1714
1650
1586
1522
1458
1394
1330
1266
1202
1138
1074
1010
946
882
818
754
690
626
562
498
434
370
306
242
178
114
1969
1905
1841
1777
1713
1649
1585
1521
1457
1393
1329
1265
1201
1137
1073
1009
945
881
817
753
689
625
561
497
433
369
305
241
177
113
1968
1904
1840
1776
1712
1648
1584
1520
1456
1392
1328
1264
1200
1136
1072
1008
944
880
816
752
688
624
560
496
432
368
304
240
176
112
1967
1903
1839
1775
1711
1647
1583
1519
1455
1391
1327
1263
1199
1135
1071
1007
943
879
815
751
687
623
559
495
431
367
303
239
175
111
1966
1902
1838
1774
1710
1646
1582
1518
1454
1390
1326
1262
1198
1134
1070
1006
942
878
814
750
686
622
558
494
430
366
302
238
174
110
1965
1901
1837
1773
1709
1645
1581
1517
1453
1389
1325
1261
1197
1133
1069
1005
941
877
813
749
685
621
557
493
429
365
301
237
173
109
1964
1900
1836
1772
1708
1644
1580
1516
1452
1388
1324
1260
1196
1132
1068
1004
940
876
812
748
684
620
556
492
428
364
300
236
172
108
1963
1899
1835
1771
1707
1643
1579
1515
1451
1387
1323
1259
1195
1131
1067
1003
939
875
811
747
683
619
555
491
427
363
299
235
171
107
1962
1898
1834
1770
1706
1642
1578
1514
1450
1386
1322
1258
1194
1130
1066
1002
938
874
810
746
682
618
554
490
426
362
298
234
170
106
1961
1897
1833
1769
1705
1641
1577
1513
1449
1385
1321
1257
1193
1129
1065
1001
937
873
809
745
681
617
553
489
425
361
297
233
169
105
1960
1896
1832
1768
1704
1640
1576
1512
1448
1384
1320
1256
1192
1128
1064
1000
936
872
808
744
680
616
552
488
424
360
296
232
168
104
1959
1895
1831
1767
1703
1639
1575
1511
1447
1383
1319
1255
1191
1127
1063
999
935
871
807
743
679
615
551
487
423
359
295
231
167
103
1958
1894
1830
1766
1702
1638
1574
1510
1446
1382
1318
1254
1190
1126
1062
998
934
870
806
742
678
614
550
486
422
358
294
230
166
102
1957
1893
1829
1765
1701
1637
1573
1509
1445
1381
1317
1253
1189
1125
1061
997
933
869
805
741
677
613
549
485
421
357
293
229
165
101
1956
1892
1828
1764
1700
1636
1572
1508
1444
1380
1316
1252
1188
1124
1060
996
932
868
804
740
676
612
548
484
420
356
292
228
164
100
1955
1891
1827
1763
1699
1635
1571
1507
1443
1379
1315
1251
1187
1123
1059
995
931
867
803
739
675
611
547
483
419
355
291
227
163
99
1954
1890
1826
1762
1698
1634
1570
1506
1442
1378
1314
1250
1186
1122
1058
994
930
866
802
738
674
610
546
482
418
354
290
226
162
98
1953
1889
1825
1761
1697
1633
1569
1505
1441
1377
1313
1249
1185
1121
1057
993
929
865
801
737
673
609
545
481
417
353
289
225
161
97
1952
1888
1824
1760
1696
1632
1568
1504
1440
1376
1312
1248
1184
1120
1056
992
928
864
800
736
672
608
544
480
416
352
288
224
160
96
1951
1887
1823
1759
1695
1631
1567
1503
1439
1375
1311
1247
1183
1119
1055
991
927
863
799
735
671
607
543
479
415
351
287
223
159
95
1950
1886
1822
1758
1694
1630
1566
1502
1438
1374
1310
1246
1182
1118
1054
990
926
862
798
734
670
606
542
478
414
350
286
222
158
94
1949
1885
1821
1757
1693
1629
1565
1501
1437
1373
1309
1245
1181
1117
1053
989
925
861
797
733
669
605
541
477
413
349
285
221
157
93
1948
1884
1820
1756
1692
1628
1564
1500
1436
1372
1308
1244
1180
1116
1052
988
924
860
796
732
668
604
540
476
412
348
284
220
156
92
1947
1883
1819
1755
1691
1627
1563
1499
1435
1371
1307
1243
1179
1115
1051
987
923
859
795
731
667
603
539
475
411
347
283
219
155
91
1946
1882
1818
1754
1690
1626
1562
1498
1434
1370
1306
1242
1178
1114
1050
986
922
858
794
730
666
602
538
474
410
346
282
218
154
90
1945
1881
1817
1753
1689
1625
1561
1497
1433
1369
1305
1241
1177
1113
1049
985
921
857
793
729
665
601
537
473
409
345
281
217
153
89
1944
1880
1816
1752
1688
1624
1560
1496
1432
1368
1304
1240
1176
1112
1048
984
920
856
792
728
664
600
536
472
408
344
280
216
152
88
1943
1879
1815
1751
1687
1623
1559
1495
1431
1367
1303
1239
1175
1111
1047
983
919
855
791
727
663
599
535
471
407
343
279
215
151
87
1942
1878
1814
1750
1686
1622
1558
1494
1430
1366
1302
1238
1174
1110
1046
982
918
854
790
726
662
598
534
470
406
342
278
214
150
86
1941
1877
1813
1749
1685
1621
1557
1493
1429
1365
1301
1237
1173
1109
1045
981
917
853
789
725
661
597
533
469
405
341
277
213
149
85
1940
1876
1812
1748
1684
1620
1556
1492
1428
1364
1300
1236
1172
1108
1044
980
916
852
788
724
660
596
532
468
404
340
276
212
148
84
1939
1875
1811
1747
1683
1619
1555
1491
1427
1363
1299
1235
1171
1107
1043
979
915
851
787
723
659
595
531
467
403
339
275
211
147
83
1938
1874
1810
1746
1682
1618
1554
1490
1426
1362
1298
1234
1170
1106
1042
978
914
850
786
722
658
594
530
466
402
338
274
210
146
82
1937
1873
1809
1745
1681
1617
1553
1489
1425
1361
1297
1233
1169
1105
1041
977
913
849
785
721
657
593
529
465
401
337
273
209
145
81
1936
1872
1808
1744
1680
1616
1552
1488
1424
1360
1296
1232
1168
1104
1040
976
912
848
784
720
656
592
528
464
400
336
272
208
144
80
1999
1935
1871
1807
1743
1679
1615
1551
1487
1423
1359
1295
1231
1167
1103
1039
975
911
847
783
719
655
591
527
463
399
335
271
207
143
79
1998
1934
1870
1806
1742
1678
1614
1550
1486
1422
1358
1294
1230
1166
1102
1038
974
910
846
782
718
654
590
526
462
398
334
270
206
142
78
1997
1933
1869
1805
1741
1677
1613
1549
1485
1421
1357
1293
1229
1165
1101
1037
973
909
845
781
717
653
589
525
461
397
333
269
205
141
77
1996
1932
1868
1804
1740
1676
1612
1548
1484
1420
1356
1292
1228
1164
1100
1036
972
908
844
780
716
652
588
524
460
396
332
268
204
140
76
1995
1931
1867
1803
1739
1675
1611
1547
1483
1419
1355
1291
1227
1163
1099
1035
971
907
843
779
715
651
587
523
459
395
331
267
203
139
75
1994
1930
1866
1802
1738
1674
1610
1546
1482
1418
1354
1290
1226
1162
1098
1034
970
906
842
778
714
650
586
522
458
394
330
266
202
138
74
1993
1929
1865
1801
1737
1673
1609
1545
1481
1417
1353
1289
1225
1161
1097
1033
969
905
841
777
713
649
585
521
457
393
329
265
201
137
73
1992
1928
1864
1800
1736
1672
1608
1544
1480
1416
1352
1288
1224
1160
1096
1032
968
904
840
776
712
648
584
520
456
392
328
264
200
136
72
1991
1927
1863
1799
1735
1671
1607
1543
1479
1415
1351
1287
1223
1159
1095
1031
967
903
839
775
711
647
583
519
455
391
327
263
199
135
71
1990
1926
1862
1798
1734
1670
1606
1542
1478
1414
1350
1286
1222
1158
1094
1030
966
902
838
774
710
646
582
518
454
390
326
262
198
134
70
1989
1925
1861
1797
1733
1669
1605
1541
1477
1413
1349
1285
1221
1157
1093
1029
965
901
837
773
709
645
581
517
453
389
325
261
197
133
69
1988
1924
1860
1796
1732
1668
1604
1540
1476
1412
1348
1284
1220
1156
1092
1028
964
900
836
772
708
644
580
516
452
388
324
260
196
132
68
1987
1923
1859
1795
1731
1667
1603
1539
1475
1411
1347
1283
1219
1155
1091
1027
963
899
835
771
707
643
579
515
451
387
323
259
195
131
67
1986
1922
1858
1794
1730
1666
1602
1538
1474
1410
1346
1282
1218
1154
1090
1026
962
898
834
770
706
642
578
514
450
386
322
258
194
130
66
1985
1921
1857
1793
1729
1665
1601
1537
1473
1409
1345
1281
1217
1153
1089
1025
961
897
833
769
705
641
577
513
449
385
321
257
193
129
65
1984
1920
1856
1792
1728
1664
1600
1536
1472
1408
1344
1280
1216
1152
1088
1024
960
896
832
768
704
640
576
512
448
384
320
256
192
128
64
63
62
61
60
59
58
57
56
55
54
53
52
51
50
49
48
47
46
45
44
43
42
41
40
39
38
37
36
35
34
33
32
31
30
29
28
27
26
25
24
23
22
21
20
19
18
17
16
15
14
13
12
11
10
9
8
7
6
5
4
3
2
1
0
